<?xml version="1.0" encoding="UTF-8"?>
<!-- Generated by org.testng.reporters.JUnitReportReporter -->
<testsuite skipped="0" hostname="TYSS-TR-0017" name="org.tyss.com.XYZ" tests="1" failures="0" timestamp="18 Jun 2018 10:12:23 GMT" time="0.031" errors="0">
  <testcase name="demoTest" time="0.031" classname="org.tyss.com.XYZ"/>
</testsuite> <!-- org.tyss.com.XYZ -->
